[2026-02-17T21:29:35] Preparing email for 2026-02-23 to Eswararao.Gadipudi@dell.com; Kiran.Kumar.Manchala@dell.com; Kalyan.Bandaru@dell.com
[2026-02-17T21:29:36] Sent successfully with subject 'Today's Leave Snapshot - 23 Feb 2026'
[2026-02-17T21:38:29] START run for (Get-Date
[2026-02-17T21:38:29] Recipients: Eswararao.Gadipudi@dell.com; Kiran.Kumar.Manchala@dell.com; Kalyan.Bandaru@dell.com
[2026-02-17T21:38:30] ERROR during python generation: Traceback (most recent call last):
[2026-02-17T21:39:18] START run for 2026-02-23
[2026-02-17T21:39:18] Recipients: Eswararao.Gadipudi@dell.com; Kiran.Kumar.Manchala@dell.com; Kalyan.Bandaru@dell.com
[2026-02-17T21:39:20] Preparing email with subject 'Today's Leave Snapshot - 23 Feb 2026'
[2026-02-17T21:39:20] Sent successfully
[2026-02-17T21:39:20] END run
[2026-02-17T21:39:31] START run for (Get-Date
[2026-02-17T21:39:31] Recipients: Eswararao.Gadipudi@dell.com; Kiran.Kumar.Manchala@dell.com; Kalyan.Bandaru@dell.com
[2026-02-17T21:39:32] ERROR during python generation: Traceback (most recent call last):
[2026-02-17T21:40:35] START run for (Get-Date
[2026-02-17T21:40:35] Recipients: Eswararao.Gadipudi@dell.com; Kiran.Kumar.Manchala@dell.com; Kalyan.Bandaru@dell.com
[2026-02-17T21:40:36] ERROR during python generation: Traceback (most recent call last):
[2026-02-17T21:42:32] START run for 2026-02-17
[2026-02-17T21:42:32] Recipients: Eswararao.Gadipudi@dell.com; Kiran.Kumar.Manchala@dell.com; Kalyan.Bandaru@dell.com
[2026-02-17T21:42:34] Preparing email with subject 'Today's Leave Snapshot - 17 Feb 2026'
[2026-02-17T21:42:34] Sent successfully
[2026-02-17T21:42:34] END run
[2026-02-17T21:43:06] START run for 2026-02-17
[2026-02-17T21:43:06] Recipients: Eswararao.Gadipudi@dell.com; Kiran.Kumar.Manchala@dell.com; Kalyan.Bandaru@dell.com
[2026-02-17T21:43:08] Preparing email with subject 'Today's Leave Snapshot - 17 Feb 2026'
[2026-02-17T21:43:08] Sent successfully
[2026-02-17T21:43:08] END run
[2026-02-18T13:35:20] START run for 2026-02-18
[2026-02-18T13:35:20] Recipients: Eswararao.Gadipudi@dell.com; Kiran.Kumar.Manchala@dell.com; Kalyan.Bandaru@dell.com
[2026-02-18T13:35:27] Preparing email with subject 'Today's Leave Snapshot - 18 Feb 2026'
[2026-02-18T13:35:27] Sent successfully
[2026-02-18T13:35:27] END run
[2026-02-19T09:35:02] START run for 2026-02-19
[2026-02-19T09:35:02] Recipients: Eswararao.Gadipudi@dell.com; Kiran.Kumar.Manchala@dell.com; Kalyan.Bandaru@dell.com
[2026-02-19T09:35:15] Preparing email with subject 'Today's Leave Snapshot - 19 Feb 2026'
[2026-02-19T09:35:23] Sent successfully
[2026-02-19T09:35:23] END run
[2026-02-19T21:27:02] START run for 2026-02-19
[2026-02-19T21:27:02] Recipients: Eswararao.Gadipudi@dell.com; Kiran.Kumar.Manchala@dell.com; Kalyan.Bandaru@dell.com
[2026-02-19T21:27:09] Preparing email with subject 'Today's Leave Snapshot - 19 Feb 2026'
[2026-02-19T21:27:10] Sent successfully
[2026-02-19T21:27:10] END run
[2026-02-20T21:27:02] START run for 2026-02-20
[2026-02-20T21:27:02] Recipients: Eswararao.Gadipudi@dell.com; Kiran.Kumar.Manchala@dell.com; Kalyan.Bandaru@dell.com
[2026-02-20T21:27:08] Preparing email with subject 'Today's Leave Snapshot - 20 Feb 2026'
[2026-02-20T21:27:11] Sent successfully
[2026-02-20T21:27:11] END run
[2026-03-01T15:00:41] START run for 2026-03-01
[2026-03-01T15:00:43] Recipients: Eswararao.Gadipudi@dell.com; Kiran.Kumar.Manchala@dell.com; Kalyan.Bandaru@dell.com
[2026-03-01T15:01:34] Preparing email with subject 'Today's Leave Snapshot - 01 Mar 2026'
[2026-03-01T15:01:35] Sent successfully
[2026-03-01T15:01:35] END run
[2026-03-02T21:27:02] START run for 2026-03-02
[2026-03-02T21:27:02] Recipients: Eswararao.Gadipudi@dell.com; Kiran.Kumar.Manchala@dell.com; Kalyan.Bandaru@dell.com
[2026-03-02T21:27:09] Preparing email with subject 'Today's Leave Snapshot - 02 Mar 2026'
[2026-03-02T21:27:10] Sent successfully
[2026-03-02T21:27:10] END run
[2026-03-04T10:10:50] START run for 2026-03-04
[2026-03-04T10:10:51] Recipients: Eswararao.Gadipudi@dell.com; Kiran.Kumar.Manchala@dell.com; Kalyan.Bandaru@dell.com
[2026-03-04T10:11:33] Preparing email with subject 'Today's Leave Snapshot - 04 Mar 2026'
[2026-03-04T10:11:34] Sent successfully
[2026-03-04T10:11:34] END run
[2026-03-04T10:15:28] START run for 2026-03-04
[2026-03-04T10:15:28] Recipients: Eswararao.Gadipudi@dell.com; Kiran.Kumar.Manchala@dell.com; Kalyan.Bandaru@dell.com
[2026-03-04T10:15:28] CC: Rakesh.Dilly@dell.com
[2026-03-04T10:15:32] Preparing email with subject 'Today's Leave Snapshot - 04 Mar 2026'
[2026-03-04T10:15:32] Sent successfully
[2026-03-04T10:15:32] END run
[2026-03-04T11:30:02] START run for 2026-03-04
[2026-03-04T11:30:02] Recipients: Eswararao.Gadipudi@dell.com; Kiran.Kumar.Manchala@dell.com; Kalyan.Bandaru@dell.com
[2026-03-04T11:30:02] CC: Rakesh.Dilly@dell.com
[2026-03-04T11:30:05] Preparing email with subject 'Today's Leave Snapshot - 04 Mar 2026'
[2026-03-04T11:30:05] Sent successfully
[2026-03-04T11:30:05] END run
[2026-03-05T11:30:03] START run for 2026-03-05
[2026-03-05T11:30:03] Recipients: Eswararao.Gadipudi@dell.com; Kiran.Kumar.Manchala@dell.com; Kalyan.Bandaru@dell.com
[2026-03-05T11:30:03] CC: Rakesh.Dilly@dell.com
[2026-03-05T11:30:08] Preparing email with subject 'Today's Leave Snapshot - 05 Mar 2026'
[2026-03-05T11:30:09] Sent successfully
[2026-03-05T11:30:09] END run
[2026-03-06T11:52:26] START run for 2026-03-06
[2026-03-06T11:52:26] Recipients: Eswararao.Gadipudi@dell.com; Kiran.Kumar.Manchala@dell.com; Kalyan.Bandaru@dell.com
[2026-03-06T11:52:26] CC: Rakesh.Dilly@dell.com
[2026-03-06T11:52:34] Preparing email with subject 'Today's Leave Snapshot - 06 Mar 2026'
[2026-03-06T11:52:34] Sent successfully
[2026-03-06T11:52:34] END run
[2026-03-09T13:02:47] START run for 2026-03-09
[2026-03-09T13:02:47] Recipients: Eswararao.Gadipudi@dell.com; Kiran.Kumar.Manchala@dell.com; Kalyan.Bandaru@dell.com
[2026-03-09T13:02:47] CC: Rakesh.Dilly@dell.com
[2026-03-09T13:02:58] Preparing email with subject 'Today's Leave Snapshot - 09 Mar 2026'
[2026-03-09T13:02:58] Sent successfully
[2026-03-09T13:02:58] END run
[2026-03-11T09:28:19] START run for 2026-03-11
[2026-03-11T09:28:20] Recipients: Eswararao.Gadipudi@dell.com; Kiran.Kumar.Manchala@dell.com; Kalyan.Bandaru@dell.com
[2026-03-11T09:28:20] CC: Rakesh.Dilly@dell.com
[2026-03-11T09:28:47] Preparing email with subject 'Today's Leave Snapshot - 11 Mar 2026'
[2026-03-11T09:28:51] Sent successfully
[2026-03-11T09:28:51] END run
[2026-03-11T11:30:01] START run for 2026-03-11
[2026-03-11T11:30:01] Recipients: Eswararao.Gadipudi@dell.com; Kiran.Kumar.Manchala@dell.com; Kalyan.Bandaru@dell.com
[2026-03-11T11:30:01] CC: Rakesh.Dilly@dell.com
[2026-03-11T11:30:08] Preparing email with subject 'Today's Leave Snapshot - 11 Mar 2026'
[2026-03-11T11:30:08] Sent successfully
[2026-03-11T11:30:08] END run
[2026-03-12T11:30:03] START run for 2026-03-12
[2026-03-12T11:30:03] Recipients: Eswararao.Gadipudi@dell.com; Kiran.Kumar.Manchala@dell.com; Kalyan.Bandaru@dell.com
[2026-03-12T11:30:03] CC: Rakesh.Dilly@dell.com
[2026-03-12T11:30:08] Preparing email with subject 'Today's Leave Snapshot - 12 Mar 2026'
[2026-03-12T11:30:09] Sent successfully
[2026-03-12T11:30:09] END run
[2026-03-13T11:45:49] START run for 2026-03-13
[2026-03-13T11:45:49] Recipients: Eswararao.Gadipudi@dell.com; Kiran.Kumar.Manchala@dell.com; Kalyan.Bandaru@dell.com
[2026-03-13T11:45:49] CC: Rakesh.Dilly@dell.com
[2026-03-13T11:46:05] Preparing email with subject 'Today's Leave Snapshot - 13 Mar 2026'
[2026-03-13T11:46:06] Sent successfully
[2026-03-13T11:46:06] END run
[2026-03-16T11:58:42] START run for 2026-03-16
[2026-03-16T11:58:42] Recipients: Eswararao.Gadipudi@dell.com; Kiran.Kumar.Manchala@dell.com; Kalyan.Bandaru@dell.com
[2026-03-16T11:58:42] CC: Rakesh.Dilly@dell.com
[2026-03-16T11:58:54] Preparing email with subject 'Today's Leave Snapshot - 16 Mar 2026'
[2026-03-16T11:58:54] Sent successfully
[2026-03-16T11:58:54] END run
[2026-03-17T12:04:46] START run for 2026-03-17
[2026-03-17T12:04:46] Recipients: Eswararao.Gadipudi@dell.com; Kiran.Kumar.Manchala@dell.com; Kalyan.Bandaru@dell.com
[2026-03-17T12:04:46] CC: Rakesh.Dilly@dell.com
[2026-03-17T12:04:52] Preparing email with subject 'Today's Leave Snapshot - 17 Mar 2026'
[2026-03-17T12:04:53] Sent successfully
[2026-03-17T12:04:53] END run
[2026-03-18T11:30:02] START run for 2026-03-18
[2026-03-18T11:30:02] Recipients: Eswararao.Gadipudi@dell.com; Kiran.Kumar.Manchala@dell.com; Kalyan.Bandaru@dell.com
[2026-03-18T11:30:02] CC: Rakesh.Dilly@dell.com
[2026-03-18T11:30:09] Preparing email with subject 'Today's Leave Snapshot - 18 Mar 2026'
[2026-03-18T11:30:10] Sent successfully
[2026-03-18T11:30:10] END run
[2026-03-23T09:19:45] START run for 2026-03-23
[2026-03-23T09:19:45] Recipients: Eswararao.Gadipudi@dell.com; Kiran.Kumar.Manchala@dell.com; Kalyan.Bandaru@dell.com
[2026-03-23T09:19:45] CC: Rakesh.Dilly@dell.com
[2026-03-23T09:21:39] Preparing email with subject 'Today's Leave Snapshot - 23 Mar 2026'
[2026-03-23T09:21:41] Sent successfully
[2026-03-23T09:21:41] END run
[2026-04-15T12:31:01] START run for 2026-04-15
[2026-04-15T12:31:01] Recipients: Eswararao.Gadipudi@dell.com; Kiran.Kumar.Manchala@dell.com; Kalyan.Bandaru@dell.com
[2026-04-15T12:31:01] CC: Rakesh.Dilly@dell.com
[2026-04-15T12:31:08] Preparing email with subject 'Today's Leave Snapshot - 15 Apr 2026'
[2026-04-15T12:31:08] Sent successfully
[2026-04-15T12:31:08] END run
[2026-04-17T21:24:56] START run for 2026-04-17
[2026-04-17T21:24:56] Recipients: Eswararao.Gadipudi@dell.com; Kiran.Kumar.Manchala@dell.com; Kalyan.Bandaru@dell.com
[2026-04-17T21:24:56] CC: Rakesh.Dilly@dell.com
[2026-04-17T21:25:00] Preparing email with subject 'Today's Leave Snapshot - 17 Apr 2026'
[2026-04-17T21:25:00] Sent successfully
[2026-04-17T21:25:00] END run
[2026-04-17T21:27:42] START run for 2026-04-17
[2026-04-17T21:27:42] Recipients: Eswararao.Gadipudi@dell.com; Kiran.Kumar.Manchala@dell.com; Kalyan.Bandaru@dell.com
[2026-04-17T21:27:42] CC: Rakesh.Dilly@dell.com
[2026-04-17T21:27:44] Preparing email with subject 'Today's Leave Snapshot - 17 Apr 2026'
[2026-04-17T21:27:44] Sent successfully
[2026-04-17T21:27:44] END run
[2026-04-20T11:25:08] START run for 2026-04-20
[2026-04-20T11:25:08] Recipients: Eswararao.Gadipudi@dell.com; Kiran.Kumar.Manchala@dell.com; Kalyan.Bandaru@dell.com
[2026-04-20T11:25:08] CC: Rakesh.Dilly@dell.com
[2026-04-20T17:13:00] START run for 2026-04-20
[2026-04-20T17:13:00] Recipients: Eswararao.Gadipudi@dell.com; Kiran.Kumar.Manchala@dell.com; Kalyan.Bandaru@dell.com
[2026-04-20T17:13:00] CC: Rakesh.Dilly@dell.com
[2026-04-20T17:13:06] Preparing email with subject 'Today's Leave Snapshot - 20 Apr 2026'
[2026-04-20T17:13:06] Sent successfully
[2026-04-20T17:13:06] END run
[2026-04-21T11:30:01] START run for 2026-04-21
[2026-04-21T11:30:01] Recipients: Eswararao.Gadipudi@dell.com; Kiran.Kumar.Manchala@dell.com; Kalyan.Bandaru@dell.com
[2026-04-21T11:30:01] CC: Rakesh.Dilly@dell.com
[2026-04-21T11:30:04] ERROR during python generation: Traceback (most recent call last):
[2026-04-22T12:40:59] START run for 2026-04-22
[2026-04-22T12:40:59] Recipients: Eswararao.Gadipudi@dell.com; Kiran.Kumar.Manchala@dell.com; Kalyan.Bandaru@dell.com
[2026-04-22T12:40:59] CC: Rakesh.Dilly@dell.com
[2026-04-22T12:41:12] Preparing email with subject 'Today's Leave Snapshot - 22 Apr 2026'
[2026-04-22T12:41:12] Sent successfully
[2026-04-22T12:41:12] END run
